<?xml version="1.0" encoding="UTF-8"?>
<!-- Generated by org.testng.reporters.JUnitReportReporter -->
<testsuite hostname="LAPTOP-TH1PP5D1" failures="0" tests="1" name="indeed.IndeedScrapping" time="14.951" errors="0" timestamp="2023-06-15T19:12:35 EDT" skipped="0">
  <testcase classname="indeed.IndeedScrapping" name="scrapeIndeed" time="14.951"/>
</testsuite> <!-- indeed.IndeedScrapping -->
